<?xml version="1.0" encoding="UTF-8"?>
<!-- Generated by org.testng.reporters.JUnitReportReporter -->
<testsuite hostname="s4-personal" failures="0" tests="3" name="testLayer.LoginTest" time="51.431" errors="0" timestamp="2023-04-25T12:47:03 EDT" skipped="0">
  <testcase classname="testLayer.LoginTest" name="login" time="12.220"/>
  <system-out/>
  <testcase classname="testLayer.LoginTest" name="login" time="16.753"/>
  <system-out/>
  <testcase classname="testLayer.LoginTest" name="login" time="22.458"/>
  <system-out/>
</testsuite> <!-- testLayer.LoginTest -->
